<?xml version="1.0" encoding="UTF-8"?>
<testng-results ignored="0" total="1" passed="1" failed="0" skipped="0">
  <reporter-output>
  </reporter-output>
  <suite started-at="2025-01-30T11:36:40 EST" name="Default suite" finished-at="2025-01-30T11:37:24 EST" duration-ms="44394">
    <groups>
      <group name="cucumber">
        <method signature="AbstractTestNGCucumberTests.runScenario(io.cucumber.testng.PickleWrapper,io.cucumber.testng.FeatureWrapper)[pri:0, instance:com.qa.testrunners.MyTestRunner@41a2befb]" name="runScenario" class="io.cucumber.testng.AbstractTestNGCucumberTests"/>
      </group> <!-- cucumber -->
    </groups>
    <test started-at="2025-01-30T11:36:40 EST" name="Default test" finished-at="2025-01-30T11:37:24 EST" duration-ms="44394">
      <class name="com.qa.testrunners.MyTestRunner">
        <test-method is-config="true" signature="setUpClass(org.testng.ITestContext)[pri:0, instance:com.qa.testrunners.MyTestRunner@41a2befb]" started-at="2025-01-30T11:36:40 EST" name="setUpClass" finished-at="2025-01-30T11:36:41 EST" duration-ms="1667" status="PASS">
          <params>
            <param index="0">
              <value>
                <![CDATA[org.testng.TestRunner@236c098]]>
              </value>
            </param>
          </params>
          <reporter-output>
          </reporter-output>
        </test-method> <!-- setUpClass -->
        <test-method signature="runScenario(io.cucumber.testng.PickleWrapper,io.cucumber.testng.FeatureWrapper)[pri:0, instance:com.qa.testrunners.MyTestRunner@41a2befb]" started-at="2025-01-30T11:36:41 EST" name="runScenario" description="Runs Cucumber Scenarios" data-provider="scenarios" finished-at="2025-01-30T11:37:21 EST" duration-ms="39916" status="PASS">
          <params>
            <param index="0">
              <value>
                <![CDATA["Creating a new Lead"]]>
              </value>
            </param>
            <param index="1">
              <value>
                <![CDATA["Creating Lead Creation and Update Flow"]]>
              </value>
            </param>
          </params>
          <reporter-output>
          </reporter-output>
        </test-method> <!-- runScenario -->
        <test-method is-config="true" signature="tearDownClass()[pri:0, instance:com.qa.testrunners.MyTestRunner@41a2befb]" started-at="2025-01-30T11:37:21 EST" name="tearDownClass" finished-at="2025-01-30T11:37:24 EST" duration-ms="2668" status="PASS">
          <reporter-output>
          </reporter-output>
        </test-method> <!-- tearDownClass -->
      </class> <!-- com.qa.testrunners.MyTestRunner -->
    </test> <!-- Default test -->
  </suite> <!-- Default suite -->
</testng-results>
