<?xml version="1.0" encoding="UTF-8"?>
<testng-results ignored="0" total="1" passed="1" failed="0" skipped="0">
  <reporter-output>
  </reporter-output>
  <suite started-at="2025-03-19T13:38:46 EDT" name="Suite" finished-at="2025-03-19T13:40:41 EDT" duration-ms="114869">
    <groups>
      <group name="cucumber">
        <method signature="AbstractTestNGCucumberTests.runScenario(io.cucumber.testng.PickleWrapper,io.cucumber.testng.FeatureWrapper)[pri:0, instance:com.qa.testrunners.MyTestRunner@408d971b]" name="runScenario" class="io.cucumber.testng.AbstractTestNGCucumberTests"/>
      </group> <!-- cucumber -->
    </groups>
    <test started-at="2025-03-19T13:38:46 EDT" name="Test" finished-at="2025-03-19T13:40:41 EDT" duration-ms="114869">
      <class name="com.qa.testrunners.MyTestRunner">
        <test-method is-config="true" signature="setUpClass(org.testng.ITestContext)[pri:0, instance:com.qa.testrunners.MyTestRunner@408d971b]" started-at="2025-03-19T13:38:46 EDT" name="setUpClass" finished-at="2025-03-19T13:38:46 EDT" duration-ms="466" status="PASS">
          <params>
            <param index="0">
              <value>
                <![CDATA[org.testng.TestRunner@d180961]]>
              </value>
            </param>
          </params>
          <reporter-output>
          </reporter-output>
        </test-method> <!-- setUpClass -->
        <test-method signature="runScenario(io.cucumber.testng.PickleWrapper,io.cucumber.testng.FeatureWrapper)[pri:0, instance:com.qa.testrunners.MyTestRunner@408d971b]" started-at="2025-03-19T13:38:46 EDT" name="runScenario" description="Runs Cucumber Scenarios" data-provider="scenarios" finished-at="2025-03-19T13:40:36 EDT" duration-ms="110274" status="PASS">
          <params>
            <param index="0">
              <value>
                <![CDATA["Creating a new Lead"]]>
              </value>
            </param>
            <param index="1">
              <value>
                <![CDATA["Creating Lead Creation and Update Flow"]]>
              </value>
            </param>
          </params>
          <reporter-output>
          </reporter-output>
        </test-method> <!-- runScenario -->
        <test-method is-config="true" signature="tearDownClass()[pri:0, instance:com.qa.testrunners.MyTestRunner@408d971b]" started-at="2025-03-19T13:40:36 EDT" name="tearDownClass" finished-at="2025-03-19T13:40:41 EDT" duration-ms="4100" status="PASS">
          <reporter-output>
          </reporter-output>
        </test-method> <!-- tearDownClass -->
      </class> <!-- com.qa.testrunners.MyTestRunner -->
    </test> <!-- Test -->
  </suite> <!-- Suite -->
</testng-results>
